  cameraclass.cpp
  d3dclass.cpp
  DDSTextureLoader.cpp
C:\Users\hongik\Documents\GitHub\Graphics1FinalProject\Framework\d3dclass.cpp(122,10): error C2664: 'errno_t wcstombs_s(size_t *,char *,size_t,const wchar_t *,size_t)': 인수 1을(를) 'unsigned int *'에서 'size_t *'(으)로 변환할 수 없습니다.
      C:\Users\hongik\Documents\GitHub\Graphics1FinalProject\Framework\d3dclass.cpp(122,21):
      가리킨 형식이 관련이 없습니다. 변환하려면 reinterpret_cast, C 스타일 캐스트 또는 괄호가 있는 함수 스타일 캐스트가 필요합니다.
      C:\Program Files (x86)\Windows Kits\10\Include\10.0.22621.0\ucrt\stdlib.h(996,26):
      'wcstombs_s' 선언을 참조하십시오.
      C:\Program Files (x86)\Windows Kits\10\Include\10.0.22621.0\ucrt\stdlib.h(1004,1):
      'errno_t wcstombs_s(size_t *,char (&)[_Size],const wchar_t *,size_t) throw()'일 수 있습니다.
          C:\Users\hongik\Documents\GitHub\Graphics1FinalProject\Framework\d3dclass.cpp(122,10):
          'errno_t wcstombs_s(size_t *,char (&)[_Size],const wchar_t *,size_t) throw()': 4개의 인수가 필요합니다. 5개가 제공되었습니다.
      C:\Users\hongik\Documents\GitHub\Graphics1FinalProject\Framework\d3dclass.cpp(122,10):
      인수 목록 '(unsigned int *, char [128], int, WCHAR [128], int)'을(를) 일치시키는 동안
  
  graphicsclass.cpp
  inputclass.cpp
  main.cpp
  modelclass.cpp
  systemclass.cpp
  textureclass.cpp
  textureshaderclass.cpp
C:\Users\hongik\Documents\GitHub\Graphics1FinalProject\Framework\textureshaderclass.cpp(305,42): warning C4244: '=': 'SIZE_T'에서 'unsigned long'(으)로 변환하면서 데이터가 손실될 수 있습니다.
  코드를 생성하고 있습니다...
